Arguments: 
  C:\Program Files\nodejs\node.exe C:\Users\jimca\AppData\Roaming\npm\node_modules\yarn\bin\yarn.js add express

PATH: 
  C:\Windows\system32;C:\Windows;C:\Windows\System32\Wbem;C:\Windows\System32\WindowsPowerShell\v1.0\;C:\Windows\System32\OpenSSH\;C:\Program Files\nodejs\;C:\Program Files\Git\cmd;C:\Program Files\Microsoft SQL Server\150\Tools\Binn\;C:\Program Files\dotnet\;C:\Users\jimca\.cargo\bin;C:\Users\jimca\AppData\Local\Programs\Python\Python310\Scripts\;C:\Users\jimca\AppData\Local\Programs\Python\Python310\;C:\Users\jimca\AppData\Local\Microsoft\WindowsApps;C:\Users\jimca\AppData\Roaming\npm;C:\Users\jimca\AppData\Local\Programs\Microsoft VS Code\bin;C:\flutter\bin;C:\Users\jimca\AppData\Local\Pub\Cache\bin;C:\Users\jimca\.dotnet\tools

Yarn version: 
  1.22.18

Node version: 
  16.15.1

Platform: 
  win32 x64

Trace: 
  Error: connect ETIMEDOUT 104.16.25.35:443
      at TCPConnectWrap.afterConnect [as oncomplete] (node:net:1187:16)

npm manifest: 
  {
    "name": "iot-api",
    "version": "1.0.0",
    "description": "",
    "main": "index.js",
    "scripts": {
      "test": "echo \"Error: no test specified\" && exit 1"
    },
    "repository": {
      "type": "git",
      "url": "git+https://github.com/jimcan92/iot-api.git"
    },
    "dependencies": [],
    "author": "Jimboy Cantila",
    "license": "ISC",
    "bugs": {
      "url": "https://github.com/jimcan92/iot-api/issues"
    },
    "homepage": "https://github.com/jimcan92/iot-api#readme"
  }

yarn manifest: 
  No manifest

Lockfile: 
  No lockfile
